0 verbose cli /opt/homebrew/Cellar/node@18/18.20.8/bin/node /opt/homebrew/opt/node@18/bin/npm
1 info using npm@10.8.2
2 info using node@v18.20.8
3 silly config load:file:/opt/homebrew/Cellar/node@18/18.20.8/lib/node_modules/npm/npmrc
4 silly config load:file:/Users/harshwardhan/Documents/InECell/.npmrc
5 silly config load:file:/Users/harshwardhan/.npmrc
6 silly config load:file:/opt/homebrew/etc/npmrc
7 verbose title npm i @types/node
8 verbose argv "i" "--save-dev" "@types/node"
9 verbose logfile logs-max:10 dir:/Users/harshwardhan/Documents/InECell/.npm-cache/_logs/2025-08-21T09_05_19_922Z-
10 verbose logfile /Users/harshwardhan/Documents/InECell/.npm-cache/_logs/2025-08-21T09_05_19_922Z-debug-0.log
11 silly packumentCache heap:2197815296 maxSize:549453824 maxEntrySize:274726912
12 silly logfile done cleaning log files
13 silly idealTree buildDeps
14 silly fetch manifest @types/node@*
15 silly packumentCache full:https://registry.npmjs.org/@types%2fnode cache-miss
16 http fetch GET 200 https://registry.npmjs.org/@types%2fnode 47ms (cache hit)
17 silly packumentCache full:https://registry.npmjs.org/@types%2fnode set size:10491171 disposed:false
18 silly placeDep ROOT @types/node@24.3.0 OK for: inecell-clubs-portal@0.1.0 want: *
19 silly fetch manifest undici-types@~7.10.0
20 silly packumentCache full:https://registry.npmjs.org/undici-types cache-miss
21 http fetch GET 200 https://registry.npmjs.org/undici-types 264ms (cache miss)
22 silly packumentCache full:https://registry.npmjs.org/undici-types set size:undefined disposed:false
23 silly placeDep ROOT undici-types@7.10.0 OK for: @types/node@24.3.0 want: ~7.10.0
24 silly reify moves {}
25 silly audit bulk request {
25 silly audit   '@alloc/quick-lru': [ '5.2.0' ],
25 silly audit   '@esbuild/aix-ppc64': [ '0.21.5' ],
25 silly audit   '@esbuild/android-arm': [ '0.21.5' ],
25 silly audit   '@esbuild/android-arm64': [ '0.21.5' ],
25 silly audit   '@esbuild/android-x64': [ '0.21.5' ],
25 silly audit   '@esbuild/darwin-arm64': [ '0.21.5' ],
25 silly audit   '@esbuild/darwin-x64': [ '0.21.5' ],
25 silly audit   '@esbuild/freebsd-arm64': [ '0.21.5' ],
25 silly audit   '@esbuild/freebsd-x64': [ '0.21.5' ],
25 silly audit   '@esbuild/linux-arm': [ '0.21.5' ],
25 silly audit   '@esbuild/linux-arm64': [ '0.21.5' ],
25 silly audit   '@esbuild/linux-ia32': [ '0.21.5' ],
25 silly audit   '@esbuild/linux-loong64': [ '0.21.5' ],
25 silly audit   '@esbuild/linux-mips64el': [ '0.21.5' ],
25 silly audit   '@esbuild/linux-ppc64': [ '0.21.5' ],
25 silly audit   '@esbuild/linux-riscv64': [ '0.21.5' ],
25 silly audit   '@esbuild/linux-s390x': [ '0.21.5' ],
25 silly audit   '@esbuild/linux-x64': [ '0.21.5' ],
25 silly audit   '@esbuild/netbsd-x64': [ '0.21.5' ],
25 silly audit   '@esbuild/openbsd-x64': [ '0.21.5' ],
25 silly audit   '@esbuild/sunos-x64': [ '0.21.5' ],
25 silly audit   '@esbuild/win32-arm64': [ '0.21.5' ],
25 silly audit   '@esbuild/win32-ia32': [ '0.21.5' ],
25 silly audit   '@esbuild/win32-x64': [ '0.21.5' ],
25 silly audit   '@isaacs/cliui': [ '8.0.2' ],
25 silly audit   '@jridgewell/gen-mapping': [ '0.3.13' ],
25 silly audit   '@jridgewell/resolve-uri': [ '3.1.2' ],
25 silly audit   '@jridgewell/sourcemap-codec': [ '1.5.5' ],
25 silly audit   '@jridgewell/trace-mapping': [ '0.3.30' ],
25 silly audit   '@nodelib/fs.scandir': [ '2.1.5' ],
25 silly audit   '@nodelib/fs.stat': [ '2.0.5' ],
25 silly audit   '@nodelib/fs.walk': [ '1.2.8' ],
25 silly audit   '@pkgjs/parseargs': [ '0.11.0' ],
25 silly audit   '@remix-run/router': [ '1.23.0' ],
25 silly audit   '@rolldown/pluginutils': [ '1.0.0-beta.27' ],
25 silly audit   '@rollup/rollup-android-arm-eabi': [ '4.47.1' ],
25 silly audit   '@rollup/rollup-android-arm64': [ '4.47.1' ],
25 silly audit   '@rollup/rollup-darwin-arm64': [ '4.47.1' ],
25 silly audit   '@rollup/rollup-darwin-x64': [ '4.47.1' ],
25 silly audit   '@rollup/rollup-freebsd-arm64': [ '4.47.1' ],
25 silly audit   '@rollup/rollup-freebsd-x64': [ '4.47.1' ],
25 silly audit   '@rollup/rollup-linux-arm-gnueabihf': [ '4.47.1' ],
25 silly audit   '@rollup/rollup-linux-arm-musleabihf': [ '4.47.1' ],
25 silly audit   '@rollup/rollup-linux-arm64-gnu': [ '4.47.1' ],
25 silly audit   '@rollup/rollup-linux-arm64-musl': [ '4.47.1' ],
25 silly audit   '@rollup/rollup-linux-loongarch64-gnu': [ '4.47.1' ],
25 silly audit   '@rollup/rollup-linux-ppc64-gnu': [ '4.47.1' ],
25 silly audit   '@rollup/rollup-linux-riscv64-gnu': [ '4.47.1' ],
25 silly audit   '@rollup/rollup-linux-riscv64-musl': [ '4.47.1' ],
25 silly audit   '@rollup/rollup-linux-s390x-gnu': [ '4.47.1' ],
25 silly audit   '@rollup/rollup-linux-x64-gnu': [ '4.47.1' ],
25 silly audit   '@rollup/rollup-linux-x64-musl': [ '4.47.1' ],
25 silly audit   '@rollup/rollup-win32-arm64-msvc': [ '4.47.1' ],
25 silly audit   '@rollup/rollup-win32-ia32-msvc': [ '4.47.1' ],
25 silly audit   '@rollup/rollup-win32-x64-msvc': [ '4.47.1' ],
25 silly audit   '@swc/core': [ '1.13.4' ],
25 silly audit   '@swc/core-darwin-arm64': [ '1.13.4' ],
25 silly audit   '@swc/core-darwin-x64': [ '1.13.4' ],
25 silly audit   '@swc/core-linux-arm-gnueabihf': [ '1.13.4' ],
25 silly audit   '@swc/core-linux-arm64-gnu': [ '1.13.4' ],
25 silly audit   '@swc/core-linux-arm64-musl': [ '1.13.4' ],
25 silly audit   '@swc/core-linux-x64-gnu': [ '1.13.4' ],
25 silly audit   '@swc/core-linux-x64-musl': [ '1.13.4' ],
25 silly audit   '@swc/core-win32-arm64-msvc': [ '1.13.4' ],
25 silly audit   '@swc/core-win32-ia32-msvc': [ '1.13.4' ],
25 silly audit   '@swc/core-win32-x64-msvc': [ '1.13.4' ],
25 silly audit   '@swc/counter': [ '0.1.3' ],
25 silly audit   '@swc/types': [ '0.1.24' ],
25 silly audit   '@types/estree': [ '1.0.8' ],
25 silly audit   '@types/prop-types': [ '15.7.15' ],
25 silly audit   '@types/react': [ '18.3.23' ],
25 silly audit   '@types/react-dom': [ '18.3.7' ],
25 silly audit   '@vitejs/plugin-react-swc': [ '3.11.0' ],
25 silly audit   'ansi-regex': [ '6.2.0', '5.0.1' ],
25 silly audit   'ansi-styles': [ '6.2.1', '4.3.0' ],
25 silly audit   'any-promise': [ '1.3.0' ],
25 silly audit   anymatch: [ '3.1.3' ],
25 silly audit   arg: [ '5.0.2' ],
25 silly audit   autoprefixer: [ '10.4.21' ],
25 silly audit   'balanced-match': [ '1.0.2' ],
25 silly audit   'binary-extensions': [ '2.3.0' ],
25 silly audit   'brace-expansion': [ '2.0.2' ],
25 silly audit   braces: [ '3.0.3' ],
25 silly audit   browserslist: [ '4.25.3' ],
25 silly audit   'camelcase-css': [ '2.0.1' ],
25 silly audit   'caniuse-lite': [ '1.0.30001736' ],
25 silly audit   chokidar: [ '3.6.0' ],
25 silly audit   'glob-parent': [ '5.1.2', '6.0.2' ],
25 silly audit   'color-convert': [ '2.0.1' ],
25 silly audit   'color-name': [ '1.1.4' ],
25 silly audit   commander: [ '4.1.1' ],
25 silly audit   'cross-spawn': [ '7.0.6' ],
25 silly audit   cssesc: [ '3.0.0' ],
25 silly audit   csstype: [ '3.1.3' ],
25 silly audit   didyoumean: [ '1.2.2' ],
25 silly audit   dlv: [ '1.1.3' ],
25 silly audit   eastasianwidth: [ '0.2.0' ],
25 silly audit   'electron-to-chromium': [ '1.5.207' ],
25 silly audit   'emoji-regex': [ '9.2.2', '8.0.0' ],
25 silly audit   esbuild: [ '0.21.5' ],
25 silly audit   escalade: [ '3.2.0' ],
25 silly audit   'fast-glob': [ '3.3.3' ],
25 silly audit   fastq: [ '1.19.1' ],
25 silly audit   'fill-range': [ '7.1.1' ],
25 silly audit   'foreground-child': [ '3.3.1' ],
25 silly audit   'fraction.js': [ '4.3.7' ],
25 silly audit   'framer-motion': [ '11.18.2' ],
25 silly audit   fsevents: [ '2.3.3' ],
25 silly audit   'function-bind': [ '1.1.2' ],
25 silly audit   glob: [ '10.4.5' ],
25 silly audit   hasown: [ '2.0.2' ],
25 silly audit   'is-binary-path': [ '2.1.0' ],
25 silly audit   'is-core-module': [ '2.16.1' ],
25 silly audit   'is-extglob': [ '2.1.1' ],
25 silly audit   'is-fullwidth-code-point': [ '3.0.0' ],
25 silly audit   'is-glob': [ '4.0.3' ],
25 silly audit   'is-number': [ '7.0.0' ],
25 silly audit   isexe: [ '2.0.0' ],
25 silly audit   jackspeak: [ '3.4.3' ],
25 silly audit   jiti: [ '1.21.7' ],
25 silly audit   'js-tokens': [ '4.0.0' ],
25 silly audit   lilconfig: [ '3.1.3' ],
25 silly audit   'lines-and-columns': [ '1.2.4' ],
25 silly audit   'loose-envify': [ '1.4.0' ],
25 silly audit   'lru-cache': [ '10.4.3' ],
25 silly audit   merge2: [ '1.4.1' ],
25 silly audit   micromatch: [ '4.0.8' ],
25 silly audit   minimatch: [ '9.0.5' ],
25 silly audit   minipass: [ '7.1.2' ],
25 silly audit   'motion-dom': [ '11.18.1' ],
25 silly audit   'motion-utils': [ '11.18.1' ],
25 silly audit   mz: [ '2.7.0' ],
25 silly audit   nanoid: [ '3.3.11' ],
25 silly audit   'node-releases': [ '2.0.19' ],
25 silly audit   'normalize-path': [ '3.0.0' ],
25 silly audit   'normalize-range': [ '0.1.2' ],
25 silly audit   'object-assign': [ '4.1.1' ],
25 silly audit   'object-hash': [ '3.0.0' ],
25 silly audit   'package-json-from-dist': [ '1.0.1' ],
25 silly audit   'path-key': [ '3.1.1' ],
25 silly audit   'path-parse': [ '1.0.7' ],
25 silly audit   'path-scurry': [ '1.11.1' ],
25 silly audit   picocolors: [ '1.1.1' ],
25 silly audit   picomatch: [ '2.3.1' ],
25 silly audit   pify: [ '2.3.0' ],
25 silly audit   pirates: [ '4.0.7' ],
25 silly audit   postcss: [ '8.5.6' ],
25 silly audit   'postcss-import': [ '15.1.0' ],
25 silly audit   'postcss-js': [ '4.0.1' ],
25 silly audit   'postcss-load-config': [ '4.0.2' ],
25 silly audit   'postcss-nested': [ '6.2.0' ],
25 silly audit   'postcss-selector-parser': [ '6.1.2' ],
25 silly audit   'postcss-value-parser': [ '4.2.0' ],
25 silly audit   'queue-microtask': [ '1.2.3' ],
25 silly audit   react: [ '18.3.1' ],
25 silly audit   'react-dom': [ '18.3.1' ],
25 silly audit   'react-router': [ '6.30.1' ],
25 silly audit   'react-router-dom': [ '6.30.1' ],
25 silly audit   'read-cache': [ '1.0.0' ],
25 silly audit   readdirp: [ '3.6.0' ],
25 silly audit   resolve: [ '1.22.10' ],
25 silly audit   reusify: [ '1.1.0' ],
25 silly audit   rollup: [ '4.47.1' ],
25 silly audit   'run-parallel': [ '1.2.0' ],
25 silly audit   scheduler: [ '0.23.2' ],
25 silly audit   'shebang-command': [ '2.0.0' ],
25 silly audit   'shebang-regex': [ '3.0.0' ],
25 silly audit   'signal-exit': [ '4.1.0' ],
25 silly audit   'source-map-js': [ '1.2.1' ],
25 silly audit   'string-width': [ '5.1.2', '4.2.3' ],
25 silly audit   'strip-ansi': [ '6.0.1', '7.1.0' ],
25 silly audit   sucrase: [ '3.35.0' ],
25 silly audit   'supports-preserve-symlinks-flag': [ '1.0.0' ],
25 silly audit   tailwindcss: [ '3.4.17' ],
25 silly audit   thenify: [ '3.3.1' ],
25 silly audit   'thenify-all': [ '1.6.0' ],
25 silly audit   'to-regex-range': [ '5.0.1' ],
25 silly audit   'ts-interface-checker': [ '0.1.13' ],
25 silly audit   tslib: [ '2.8.1' ],
25 silly audit   typescript: [ '5.9.2' ],
25 silly audit   'update-browserslist-db': [ '1.1.3' ],
25 silly audit   'util-deprecate': [ '1.0.2' ],
25 silly audit   vite: [ '5.4.19' ],
25 silly audit   which: [ '2.0.2' ],
25 silly audit   'wrap-ansi': [ '8.1.0', '7.0.0' ],
25 silly audit   yaml: [ '2.8.1' ],
25 silly audit   '@types/node': [ '24.3.0' ],
25 silly audit   'undici-types': [ '7.10.0' ]
25 silly audit }
26 verbose reify failed optional dependency /Users/harshwardhan/Documents/InECell/node_modules/@swc/core-win32-x64-msvc
27 silly reify mark deleted [
27 silly reify   '/Users/harshwardhan/Documents/InECell/node_modules/@swc/core-win32-x64-msvc'
27 silly reify ]
28 verbose reify failed optional dependency /Users/harshwardhan/Documents/InECell/node_modules/@swc/core-win32-ia32-msvc
29 silly reify mark deleted [
29 silly reify   '/Users/harshwardhan/Documents/InECell/node_modules/@swc/core-win32-ia32-msvc'
29 silly reify ]
30 verbose reify failed optional dependency /Users/harshwardhan/Documents/InECell/node_modules/@swc/core-win32-arm64-msvc
31 silly reify mark deleted [
31 silly reify   '/Users/harshwardhan/Documents/InECell/node_modules/@swc/core-win32-arm64-msvc'
31 silly reify ]
32 verbose reify failed optional dependency /Users/harshwardhan/Documents/InECell/node_modules/@swc/core-linux-x64-musl
33 silly reify mark deleted [
33 silly reify   '/Users/harshwardhan/Documents/InECell/node_modules/@swc/core-linux-x64-musl'
33 silly reify ]
34 verbose reify failed optional dependency /Users/harshwardhan/Documents/InECell/node_modules/@swc/core-linux-x64-gnu
35 silly reify mark deleted [
35 silly reify   '/Users/harshwardhan/Documents/InECell/node_modules/@swc/core-linux-x64-gnu'
35 silly reify ]
36 verbose reify failed optional dependency /Users/harshwardhan/Documents/InECell/node_modules/@swc/core-linux-arm64-musl
37 silly reify mark deleted [
37 silly reify   '/Users/harshwardhan/Documents/InECell/node_modules/@swc/core-linux-arm64-musl'
37 silly reify ]
38 verbose reify failed optional dependency /Users/harshwardhan/Documents/InECell/node_modules/@swc/core-linux-arm64-gnu
39 silly reify mark deleted [
39 silly reify   '/Users/harshwardhan/Documents/InECell/node_modules/@swc/core-linux-arm64-gnu'
39 silly reify ]
40 verbose reify failed optional dependency /Users/harshwardhan/Documents/InECell/node_modules/@swc/core-linux-arm-gnueabihf
41 silly reify mark deleted [
41 silly reify   '/Users/harshwardhan/Documents/InECell/node_modules/@swc/core-linux-arm-gnueabihf'
41 silly reify ]
42 verbose reify failed optional dependency /Users/harshwardhan/Documents/InECell/node_modules/@swc/core-darwin-x64
43 silly reify mark deleted [
43 silly reify   '/Users/harshwardhan/Documents/InECell/node_modules/@swc/core-darwin-x64'
43 silly reify ]
44 verbose reify failed optional dependency /Users/harshwardhan/Documents/InECell/node_modules/@rollup/rollup-win32-x64-msvc
45 silly reify mark deleted [
45 silly reify   '/Users/harshwardhan/Documents/InECell/node_modules/@rollup/rollup-win32-x64-msvc'
45 silly reify ]
46 verbose reify failed optional dependency /Users/harshwardhan/Documents/InECell/node_modules/@rollup/rollup-win32-ia32-msvc
47 silly reify mark deleted [
47 silly reify   '/Users/harshwardhan/Documents/InECell/node_modules/@rollup/rollup-win32-ia32-msvc'
47 silly reify ]
48 verbose reify failed optional dependency /Users/harshwardhan/Documents/InECell/node_modules/@rollup/rollup-win32-arm64-msvc
49 silly reify mark deleted [
49 silly reify   '/Users/harshwardhan/Documents/InECell/node_modules/@rollup/rollup-win32-arm64-msvc'
49 silly reify ]
50 verbose reify failed optional dependency /Users/harshwardhan/Documents/InECell/node_modules/@rollup/rollup-linux-x64-musl
51 silly reify mark deleted [
51 silly reify   '/Users/harshwardhan/Documents/InECell/node_modules/@rollup/rollup-linux-x64-musl'
51 silly reify ]
52 verbose reify failed optional dependency /Users/harshwardhan/Documents/InECell/node_modules/@rollup/rollup-linux-x64-gnu
53 silly reify mark deleted [
53 silly reify   '/Users/harshwardhan/Documents/InECell/node_modules/@rollup/rollup-linux-x64-gnu'
53 silly reify ]
54 verbose reify failed optional dependency /Users/harshwardhan/Documents/InECell/node_modules/@rollup/rollup-linux-s390x-gnu
55 silly reify mark deleted [
55 silly reify   '/Users/harshwardhan/Documents/InECell/node_modules/@rollup/rollup-linux-s390x-gnu'
55 silly reify ]
56 verbose reify failed optional dependency /Users/harshwardhan/Documents/InECell/node_modules/@rollup/rollup-linux-riscv64-musl
57 silly reify mark deleted [
57 silly reify   '/Users/harshwardhan/Documents/InECell/node_modules/@rollup/rollup-linux-riscv64-musl'
57 silly reify ]
58 verbose reify failed optional dependency /Users/harshwardhan/Documents/InECell/node_modules/@rollup/rollup-linux-riscv64-gnu
59 silly reify mark deleted [
59 silly reify   '/Users/harshwardhan/Documents/InECell/node_modules/@rollup/rollup-linux-riscv64-gnu'
59 silly reify ]
60 verbose reify failed optional dependency /Users/harshwardhan/Documents/InECell/node_modules/@rollup/rollup-linux-ppc64-gnu
61 silly reify mark deleted [
61 silly reify   '/Users/harshwardhan/Documents/InECell/node_modules/@rollup/rollup-linux-ppc64-gnu'
61 silly reify ]
62 verbose reify failed optional dependency /Users/harshwardhan/Documents/InECell/node_modules/@rollup/rollup-linux-loongarch64-gnu
63 silly reify mark deleted [
63 silly reify   '/Users/harshwardhan/Documents/InECell/node_modules/@rollup/rollup-linux-loongarch64-gnu'
63 silly reify ]
64 verbose reify failed optional dependency /Users/harshwardhan/Documents/InECell/node_modules/@rollup/rollup-linux-arm64-musl
65 silly reify mark deleted [
65 silly reify   '/Users/harshwardhan/Documents/InECell/node_modules/@rollup/rollup-linux-arm64-musl'
65 silly reify ]
66 verbose reify failed optional dependency /Users/harshwardhan/Documents/InECell/node_modules/@rollup/rollup-linux-arm64-gnu
67 silly reify mark deleted [
67 silly reify   '/Users/harshwardhan/Documents/InECell/node_modules/@rollup/rollup-linux-arm64-gnu'
67 silly reify ]
68 verbose reify failed optional dependency /Users/harshwardhan/Documents/InECell/node_modules/@rollup/rollup-linux-arm-musleabihf
69 silly reify mark deleted [
69 silly reify   '/Users/harshwardhan/Documents/InECell/node_modules/@rollup/rollup-linux-arm-musleabihf'
69 silly reify ]
70 verbose reify failed optional dependency /Users/harshwardhan/Documents/InECell/node_modules/@rollup/rollup-linux-arm-gnueabihf
71 silly reify mark deleted [
71 silly reify   '/Users/harshwardhan/Documents/InECell/node_modules/@rollup/rollup-linux-arm-gnueabihf'
71 silly reify ]
72 verbose reify failed optional dependency /Users/harshwardhan/Documents/InECell/node_modules/@rollup/rollup-freebsd-x64
73 silly reify mark deleted [
73 silly reify   '/Users/harshwardhan/Documents/InECell/node_modules/@rollup/rollup-freebsd-x64'
73 silly reify ]
74 verbose reify failed optional dependency /Users/harshwardhan/Documents/InECell/node_modules/@rollup/rollup-freebsd-arm64
75 silly reify mark deleted [
75 silly reify   '/Users/harshwardhan/Documents/InECell/node_modules/@rollup/rollup-freebsd-arm64'
75 silly reify ]
76 verbose reify failed optional dependency /Users/harshwardhan/Documents/InECell/node_modules/@rollup/rollup-darwin-x64
77 silly reify mark deleted [
77 silly reify   '/Users/harshwardhan/Documents/InECell/node_modules/@rollup/rollup-darwin-x64'
77 silly reify ]
78 verbose reify failed optional dependency /Users/harshwardhan/Documents/InECell/node_modules/@rollup/rollup-android-arm64
79 silly reify mark deleted [
79 silly reify   '/Users/harshwardhan/Documents/InECell/node_modules/@rollup/rollup-android-arm64'
79 silly reify ]
80 verbose reify failed optional dependency /Users/harshwardhan/Documents/InECell/node_modules/@rollup/rollup-android-arm-eabi
81 silly reify mark deleted [
81 silly reify   '/Users/harshwardhan/Documents/InECell/node_modules/@rollup/rollup-android-arm-eabi'
81 silly reify ]
82 verbose reify failed optional dependency /Users/harshwardhan/Documents/InECell/node_modules/@esbuild/win32-x64
83 silly reify mark deleted [
83 silly reify   '/Users/harshwardhan/Documents/InECell/node_modules/@esbuild/win32-x64'
83 silly reify ]
84 verbose reify failed optional dependency /Users/harshwardhan/Documents/InECell/node_modules/@esbuild/win32-ia32
85 silly reify mark deleted [
85 silly reify   '/Users/harshwardhan/Documents/InECell/node_modules/@esbuild/win32-ia32'
85 silly reify ]
86 verbose reify failed optional dependency /Users/harshwardhan/Documents/InECell/node_modules/@esbuild/win32-arm64
87 silly reify mark deleted [
87 silly reify   '/Users/harshwardhan/Documents/InECell/node_modules/@esbuild/win32-arm64'
87 silly reify ]
88 verbose reify failed optional dependency /Users/harshwardhan/Documents/InECell/node_modules/@esbuild/sunos-x64
89 silly reify mark deleted [
89 silly reify   '/Users/harshwardhan/Documents/InECell/node_modules/@esbuild/sunos-x64'
89 silly reify ]
90 verbose reify failed optional dependency /Users/harshwardhan/Documents/InECell/node_modules/@esbuild/openbsd-x64
91 silly reify mark deleted [
91 silly reify   '/Users/harshwardhan/Documents/InECell/node_modules/@esbuild/openbsd-x64'
91 silly reify ]
92 verbose reify failed optional dependency /Users/harshwardhan/Documents/InECell/node_modules/@esbuild/netbsd-x64
93 silly reify mark deleted [
93 silly reify   '/Users/harshwardhan/Documents/InECell/node_modules/@esbuild/netbsd-x64'
93 silly reify ]
94 verbose reify failed optional dependency /Users/harshwardhan/Documents/InECell/node_modules/@esbuild/linux-x64
95 silly reify mark deleted [
95 silly reify   '/Users/harshwardhan/Documents/InECell/node_modules/@esbuild/linux-x64'
95 silly reify ]
96 verbose reify failed optional dependency /Users/harshwardhan/Documents/InECell/node_modules/@esbuild/linux-s390x
97 silly reify mark deleted [
97 silly reify   '/Users/harshwardhan/Documents/InECell/node_modules/@esbuild/linux-s390x'
97 silly reify ]
98 verbose reify failed optional dependency /Users/harshwardhan/Documents/InECell/node_modules/@esbuild/linux-riscv64
99 silly reify mark deleted [
99 silly reify   '/Users/harshwardhan/Documents/InECell/node_modules/@esbuild/linux-riscv64'
99 silly reify ]
100 verbose reify failed optional dependency /Users/harshwardhan/Documents/InECell/node_modules/@esbuild/linux-ppc64
101 silly reify mark deleted [
101 silly reify   '/Users/harshwardhan/Documents/InECell/node_modules/@esbuild/linux-ppc64'
101 silly reify ]
102 verbose reify failed optional dependency /Users/harshwardhan/Documents/InECell/node_modules/@esbuild/linux-mips64el
103 silly reify mark deleted [
103 silly reify   '/Users/harshwardhan/Documents/InECell/node_modules/@esbuild/linux-mips64el'
103 silly reify ]
104 verbose reify failed optional dependency /Users/harshwardhan/Documents/InECell/node_modules/@esbuild/linux-loong64
105 silly reify mark deleted [
105 silly reify   '/Users/harshwardhan/Documents/InECell/node_modules/@esbuild/linux-loong64'
105 silly reify ]
106 verbose reify failed optional dependency /Users/harshwardhan/Documents/InECell/node_modules/@esbuild/linux-ia32
107 silly reify mark deleted [
107 silly reify   '/Users/harshwardhan/Documents/InECell/node_modules/@esbuild/linux-ia32'
107 silly reify ]
108 verbose reify failed optional dependency /Users/harshwardhan/Documents/InECell/node_modules/@esbuild/linux-arm64
109 silly reify mark deleted [
109 silly reify   '/Users/harshwardhan/Documents/InECell/node_modules/@esbuild/linux-arm64'
109 silly reify ]
110 verbose reify failed optional dependency /Users/harshwardhan/Documents/InECell/node_modules/@esbuild/linux-arm
111 silly reify mark deleted [
111 silly reify   '/Users/harshwardhan/Documents/InECell/node_modules/@esbuild/linux-arm'
111 silly reify ]
112 verbose reify failed optional dependency /Users/harshwardhan/Documents/InECell/node_modules/@esbuild/freebsd-x64
113 silly reify mark deleted [
113 silly reify   '/Users/harshwardhan/Documents/InECell/node_modules/@esbuild/freebsd-x64'
113 silly reify ]
114 verbose reify failed optional dependency /Users/harshwardhan/Documents/InECell/node_modules/@esbuild/freebsd-arm64
115 silly reify mark deleted [
115 silly reify   '/Users/harshwardhan/Documents/InECell/node_modules/@esbuild/freebsd-arm64'
115 silly reify ]
116 verbose reify failed optional dependency /Users/harshwardhan/Documents/InECell/node_modules/@esbuild/darwin-x64
117 silly reify mark deleted [
117 silly reify   '/Users/harshwardhan/Documents/InECell/node_modules/@esbuild/darwin-x64'
117 silly reify ]
118 verbose reify failed optional dependency /Users/harshwardhan/Documents/InECell/node_modules/@esbuild/android-x64
119 silly reify mark deleted [
119 silly reify   '/Users/harshwardhan/Documents/InECell/node_modules/@esbuild/android-x64'
119 silly reify ]
120 verbose reify failed optional dependency /Users/harshwardhan/Documents/InECell/node_modules/@esbuild/android-arm64
121 silly reify mark deleted [
121 silly reify   '/Users/harshwardhan/Documents/InECell/node_modules/@esbuild/android-arm64'
121 silly reify ]
122 verbose reify failed optional dependency /Users/harshwardhan/Documents/InECell/node_modules/@esbuild/android-arm
123 silly reify mark deleted [
123 silly reify   '/Users/harshwardhan/Documents/InECell/node_modules/@esbuild/android-arm'
123 silly reify ]
124 verbose reify failed optional dependency /Users/harshwardhan/Documents/InECell/node_modules/@esbuild/aix-ppc64
125 silly reify mark deleted [
125 silly reify   '/Users/harshwardhan/Documents/InECell/node_modules/@esbuild/aix-ppc64'
125 silly reify ]
126 silly tarball no local data for @types/node@https://registry.npmjs.org/@types/node/-/node-24.3.0.tgz. Extracting by manifest.
127 silly tarball no local data for undici-types@https://registry.npmjs.org/undici-types/-/undici-types-7.10.0.tgz. Extracting by manifest.
128 http fetch GET 200 https://registry.npmjs.org/undici-types/-/undici-types-7.10.0.tgz 238ms (cache miss)
129 http fetch POST 200 https://registry.npmjs.org/-/npm/v1/security/advisories/bulk 381ms
130 silly audit report {
130 silly audit report   esbuild: [
130 silly audit report     {
130 silly audit report       id: 1102341,
130 silly audit report       url: 'https://github.com/advisories/GHSA-67mh-4wv8-2f99',
130 silly audit report       title: 'esbuild enables any website to send any requests to the development server and read the response',
130 silly audit report       severity: 'moderate',
130 silly audit report       vulnerable_versions: '<=0.24.2',
130 silly audit report       cwe: [Array],
130 silly audit report       cvss: [Object]
130 silly audit report     }
130 silly audit report   ]
130 silly audit report }
131 silly packumentCache corgi:https://registry.npmjs.org/esbuild cache-miss
132 http fetch GET 200 https://registry.npmjs.org/@types/node/-/node-24.3.0.tgz 499ms (cache miss)
133 http fetch GET 200 https://registry.npmjs.org/esbuild 244ms (cache miss)
134 silly packumentCache corgi:https://registry.npmjs.org/esbuild set size:undefined disposed:false
135 silly packumentCache corgi:https://registry.npmjs.org/vite cache-miss
136 http fetch GET 200 https://registry.npmjs.org/vite 187ms (cache miss)
137 silly packumentCache corgi:https://registry.npmjs.org/vite set size:undefined disposed:false
138 silly packumentCache corgi:https://registry.npmjs.org/@vitejs%2fplugin-react-swc cache-miss
139 http fetch GET 200 https://registry.npmjs.org/@vitejs%2fplugin-react-swc 354ms (cache miss)
140 silly packumentCache corgi:https://registry.npmjs.org/@vitejs%2fplugin-react-swc set size:undefined disposed:false
141 silly ADD node_modules/undici-types
142 silly ADD node_modules/@types/node
143 silly ADD node_modules/fsevents
144 silly ADD
145 silly ADD
146 silly ADD
147 silly ADD
148 silly ADD
149 silly ADD
150 silly ADD
151 silly ADD
152 silly ADD
153 silly ADD
154 silly ADD
155 silly ADD
156 silly ADD
157 silly ADD
158 silly ADD
159 silly ADD
160 silly ADD
161 silly ADD
162 silly ADD
163 silly ADD
164 silly ADD
165 silly ADD
166 silly ADD
167 silly ADD
168 silly ADD
169 silly ADD
170 silly ADD
171 silly ADD
172 silly ADD
173 silly ADD
174 silly ADD
175 silly ADD
176 silly ADD
177 silly ADD
178 silly ADD
179 silly ADD
180 silly ADD
181 silly ADD
182 silly ADD
183 silly ADD
184 silly ADD
185 silly ADD
186 silly ADD
187 silly ADD
188 silly ADD
189 silly ADD
190 silly ADD
191 silly ADD
192 silly ADD
193 silly ADD
194 verbose cwd /Users/harshwardhan/Documents/InECell
195 verbose os Darwin 24.6.0
196 verbose node v18.20.8
197 verbose npm  v10.8.2
198 verbose exit 0
199 info ok
